{"/Users/nicolasignacio/Desktop/uno-test-full-stack/backend/src/app.controller.ts": {"path":"/Users/nicolasignacio/Desktop/uno-test-full-stack/backend/src/app.controller.ts","statementMap":{"0":{"start":{"line":1,"column":0},"end":{"line":1,"column":49}},"1":{"start":{"line":2,"column":0},"end":{"line":2,"column":43}},"2":{"start":{"line":5,"column":7},"end":{"line":12,"column":null}},"3":{"start":{"line":6,"column":31},"end":{"line":6,"column":43}},"4":{"start":{"line":10,"column":4},"end":{"line":10,"column":38}},"5":{"start":{"line":5,"column":13},"end":{"line":5,"column":26}},"6":{"start":{"line":9,"column":2},"end":{"line":11,"column":null}},"7":{"start":{"line":5,"column":13},"end":{"line":12,"column":null}}},"fnMap":{"0":{"name":"(anonymous_2)","decl":{"start":{"line":6,"column":2},"end":{"line":6,"column":31}},"loc":{"start":{"line":6,"column":53},"end":{"line":6,"column":57}}},"1":{"name":"(anonymous_3)","decl":{"start":{"line":9,"column":2},"end":{"line":9,"column":10}},"loc":{"start":{"line":9,"column":10},"end":{"line":11,"column":3}}}},"branchMap":{"0":{"loc":{"start":{"line":6,"column":43},"end":{"line":6,"column":56}},"type":"cond-expr","locations":[{"start":{"line":6,"column":53},"end":{"line":6,"column":56}},{"start":{"line":6,"column":53},"end":{"line":6,"column":56}}]},"1":{"loc":{"start":{"line":6,"column":43},"end":{"line":6,"column":53}},"type":"binary-expr","locations":[{"start":{"line":6,"column":43},"end":{"line":6,"column":56}},{"start":{"line":6,"column":43},"end":{"line":6,"column":53}}]}},"s":{"0":1,"1":1,"2":1,"3":1,"4":1,"5":1,"6":1,"7":1},"f":{"0":1,"1":1},"b":{"0":[1,0],"1":[1,1]}}
,"/Users/nicolasignacio/Desktop/uno-test-full-stack/backend/src/app.module.ts": {"path":"/Users/nicolasignacio/Desktop/uno-test-full-stack/backend/src/app.module.ts","statementMap":{"0":{"start":{"line":1,"column":0},"end":{"line":1,"column":40}},"1":{"start":{"line":2,"column":0},"end":{"line":2,"column":46}},"2":{"start":{"line":3,"column":0},"end":{"line":3,"column":54}},"3":{"start":{"line":4,"column":0},"end":{"line":4,"column":51}},"4":{"start":{"line":5,"column":0},"end":{"line":5,"column":48}},"5":{"start":{"line":6,"column":0},"end":{"line":6,"column":51}},"6":{"start":{"line":17,"column":7},"end":{"line":17,"column":null}},"7":{"start":{"line":17,"column":13},"end":{"line":17,"column":22}},"8":{"start":{"line":17,"column":13},"end":{"line":17,"column":null}}},"fnMap":{},"branchMap":{},"s":{"0":0,"1":0,"2":0,"3":0,"4":0,"5":0,"6":0,"7":0,"8":0},"f":{},"b":{}}
,"/Users/nicolasignacio/Desktop/uno-test-full-stack/backend/src/app.service.ts": {"path":"/Users/nicolasignacio/Desktop/uno-test-full-stack/backend/src/app.service.ts","statementMap":{"0":{"start":{"line":1,"column":0},"end":{"line":1,"column":44}},"1":{"start":{"line":4,"column":7},"end":{"line":8,"column":null}},"2":{"start":{"line":6,"column":4},"end":{"line":6,"column":26}},"3":{"start":{"line":4,"column":13},"end":{"line":4,"column":23}},"4":{"start":{"line":4,"column":13},"end":{"line":8,"column":null}}},"fnMap":{"0":{"name":"(anonymous_1)","decl":{"start":{"line":5,"column":2},"end":{"line":5,"column":10}},"loc":{"start":{"line":5,"column":10},"end":{"line":7,"column":3}}}},"branchMap":{},"s":{"0":1,"1":1,"2":1,"3":1,"4":1},"f":{"0":1},"b":{}}
,"/Users/nicolasignacio/Desktop/uno-test-full-stack/backend/src/main.ts": {"path":"/Users/nicolasignacio/Desktop/uno-test-full-stack/backend/src/main.ts","statementMap":{"0":{"start":{"line":1,"column":0},"end":{"line":1,"column":43}},"1":{"start":{"line":2,"column":0},"end":{"line":2,"column":41}},"2":{"start":{"line":3,"column":0},"end":{"line":3,"column":48}},"3":{"start":{"line":6,"column":14},"end":{"line":6,"column":49}},"4":{"start":{"line":7,"column":2},"end":{"line":9,"column":5}},"5":{"start":{"line":10,"column":2},"end":{"line":10,"column":62}},"6":{"start":{"line":11,"column":2},"end":{"line":11,"column":29}},"7":{"start":{"line":12,"column":2},"end":{"line":12,"column":45}},"8":{"start":{"line":14,"column":0},"end":{"line":14,"column":12}}},"fnMap":{"0":{"name":"bootstrap","decl":{"start":{"line":5,"column":15},"end":{"line":5,"column":24}},"loc":{"start":{"line":5,"column":24},"end":{"line":13,"column":1}}}},"branchMap":{"0":{"loc":{"start":{"line":8,"column":12},"end":{"line":8,"column":63}},"type":"binary-expr","locations":[{"start":{"line":8,"column":12},"end":{"line":8,"column":36}},{"start":{"line":8,"column":40},"end":{"line":8,"column":63}}]},"1":{"loc":{"start":{"line":12,"column":19},"end":{"line":12,"column":43}},"type":"binary-expr","locations":[{"start":{"line":12,"column":19},"end":{"line":12,"column":35}},{"start":{"line":12,"column":39},"end":{"line":12,"column":43}}]}},"s":{"0":0,"1":0,"2":0,"3":0,"4":0,"5":0,"6":0,"7":0,"8":0},"f":{"0":0},"b":{"0":[0,0],"1":[0,0]}}
,"/Users/nicolasignacio/Desktop/uno-test-full-stack/backend/src/deck/deck.controller.ts": {"path":"/Users/nicolasignacio/Desktop/uno-test-full-stack/backend/src/deck/deck.controller.ts","statementMap":{"0":{"start":{"line":1,"column":0},"end":{"line":1,"column":49}},"1":{"start":{"line":2,"column":0},"end":{"line":2,"column":45}},"2":{"start":{"line":6,"column":7},"end":{"line":13,"column":null}},"3":{"start":{"line":7,"column":31},"end":{"line":7,"column":44}},"4":{"start":{"line":11,"column":4},"end":{"line":11,"column":40}},"5":{"start":{"line":6,"column":13},"end":{"line":6,"column":27}},"6":{"start":{"line":10,"column":8},"end":{"line":12,"column":null}},"7":{"start":{"line":6,"column":13},"end":{"line":13,"column":null}}},"fnMap":{"0":{"name":"(anonymous_2)","decl":{"start":{"line":7,"column":2},"end":{"line":7,"column":31}},"loc":{"start":{"line":7,"column":55},"end":{"line":7,"column":59}}},"1":{"name":"(anonymous_3)","decl":{"start":{"line":10,"column":8},"end":{"line":10,"column":15}},"loc":{"start":{"line":10,"column":15},"end":{"line":12,"column":3}}}},"branchMap":{"0":{"loc":{"start":{"line":10,"column":19},"end":{"line":10,"column":null}},"type":"cond-expr","locations":[{"start":{"line":10,"column":26},"end":{"line":10,"column":null}},{"start":{"line":10,"column":26},"end":{"line":10,"column":null}}]},"1":{"loc":{"start":{"line":10,"column":19},"end":{"line":10,"column":26}},"type":"binary-expr","locations":[{"start":{"line":10,"column":19},"end":{"line":10,"column":null}},{"start":{"line":10,"column":19},"end":{"line":10,"column":26}}]},"2":{"loc":{"start":{"line":7,"column":44},"end":{"line":7,"column":58}},"type":"cond-expr","locations":[{"start":{"line":7,"column":55},"end":{"line":7,"column":58}},{"start":{"line":7,"column":55},"end":{"line":7,"column":58}}]},"3":{"loc":{"start":{"line":7,"column":44},"end":{"line":7,"column":55}},"type":"binary-expr","locations":[{"start":{"line":7,"column":44},"end":{"line":7,"column":58}},{"start":{"line":7,"column":44},"end":{"line":7,"column":55}}]}},"s":{"0":1,"1":1,"2":1,"3":3,"4":2,"5":1,"6":1,"7":1},"f":{"0":3,"1":2},"b":{"0":[1,0],"1":[1,1],"2":[1,0],"3":[1,1]}}
,"/Users/nicolasignacio/Desktop/uno-test-full-stack/backend/src/deck/deck.module.ts": {"path":"/Users/nicolasignacio/Desktop/uno-test-full-stack/backend/src/deck/deck.module.ts","statementMap":{"0":{"start":{"line":1,"column":0},"end":{"line":1,"column":40}},"1":{"start":{"line":2,"column":0},"end":{"line":2,"column":45}},"2":{"start":{"line":3,"column":0},"end":{"line":3,"column":51}},"3":{"start":{"line":9,"column":7},"end":{"line":9,"column":null}},"4":{"start":{"line":9,"column":13},"end":{"line":9,"column":23}},"5":{"start":{"line":9,"column":13},"end":{"line":9,"column":null}}},"fnMap":{},"branchMap":{},"s":{"0":0,"1":0,"2":0,"3":0,"4":0,"5":0},"f":{},"b":{}}
,"/Users/nicolasignacio/Desktop/uno-test-full-stack/backend/src/deck/deck.service.ts": {"path":"/Users/nicolasignacio/Desktop/uno-test-full-stack/backend/src/deck/deck.service.ts","statementMap":{"0":{"start":{"line":1,"column":0},"end":{"line":1,"column":44}},"1":{"start":{"line":2,"column":0},"end":{"line":2,"column":47}},"2":{"start":{"line":3,"column":0},"end":{"line":3,"column":26}},"3":{"start":{"line":15,"column":7},"end":{"line":39,"column":null}},"4":{"start":{"line":16,"column":31},"end":{"line":16,"column":39}},"5":{"start":{"line":19,"column":4},"end":{"line":19,"column":54}},"6":{"start":{"line":19,"column":33},"end":{"line":19,"column":52}},"7":{"start":{"line":23,"column":16},"end":{"line":23,"column":61}},"8":{"start":{"line":24,"column":21},"end":{"line":24,"column":58}},"9":{"start":{"line":25,"column":4},"end":{"line":25,"column":38}},"10":{"start":{"line":25,"column":29},"end":{"line":25,"column":36}},"11":{"start":{"line":29,"column":19},"end":{"line":29,"column":43}},"12":{"start":{"line":30,"column":21},"end":{"line":30,"column":61}},"13":{"start":{"line":31,"column":19},"end":{"line":31,"column":45}},"14":{"start":{"line":32,"column":4},"end":{"line":37,"column":8}},"15":{"start":{"line":32,"column":66},"end":{"line":37,"column":6}},"16":{"start":{"line":15,"column":13},"end":{"line":15,"column":24}},"17":{"start":{"line":15,"column":13},"end":{"line":39,"column":null}}},"fnMap":{"0":{"name":"(anonymous_3)","decl":{"start":{"line":16,"column":2},"end":{"line":16,"column":31}},"loc":{"start":{"line":16,"column":52},"end":{"line":16,"column":56}}},"1":{"name":"(anonymous_4)","decl":{"start":{"line":18,"column":10},"end":{"line":18,"column":17}},"loc":{"start":{"line":18,"column":31},"end":{"line":20,"column":3}}},"2":{"name":"(anonymous_5)","decl":{"start":{"line":19,"column":27},"end":{"line":19,"column":30}},"loc":{"start":{"line":19,"column":33},"end":{"line":19,"column":52}}},"3":{"name":"(anonymous_6)","decl":{"start":{"line":22,"column":10},"end":{"line":22,"column":15}},"loc":{"start":{"line":22,"column":27},"end":{"line":26,"column":3}}},"4":{"name":"(anonymous_7)","decl":{"start":{"line":25,"column":20},"end":{"line":25,"column":21}},"loc":{"start":{"line":25,"column":29},"end":{"line":25,"column":36}}},"5":{"name":"(anonymous_8)","decl":{"start":{"line":28,"column":2},"end":{"line":28,"column":7}},"loc":{"start":{"line":28,"column":17},"end":{"line":38,"column":3}}},"6":{"name":"(anonymous_9)","decl":{"start":{"line":32,"column":44},"end":{"line":32,"column":45}},"loc":{"start":{"line":32,"column":66},"end":{"line":37,"column":6}}}},"branchMap":{"0":{"loc":{"start":{"line":16,"column":39},"end":{"line":16,"column":55}},"type":"cond-expr","locations":[{"start":{"line":16,"column":52},"end":{"line":16,"column":55}},{"start":{"line":16,"column":52},"end":{"line":16,"column":55}}]},"1":{"loc":{"start":{"line":16,"column":39},"end":{"line":16,"column":52}},"type":"binary-expr","locations":[{"start":{"line":16,"column":39},"end":{"line":16,"column":55}},{"start":{"line":16,"column":39},"end":{"line":16,"column":52}}]}},"s":{"0":2,"1":2,"2":2,"3":2,"4":5,"5":8,"6":259,"7":4,"8":4,"9":4,"10":40,"11":4,"12":4,"13":4,"14":4,"15":64,"16":2,"17":2},"f":{"0":5,"1":8,"2":259,"3":4,"4":40,"5":4,"6":64},"b":{"0":[2,0],"1":[2,2]}}
,"/Users/nicolasignacio/Desktop/uno-test-full-stack/backend/src/games/games.controller.ts": {"path":"/Users/nicolasignacio/Desktop/uno-test-full-stack/backend/src/games/games.controller.ts","statementMap":{"0":{"start":{"line":1,"column":0},"end":{"line":1,"column":68}},"1":{"start":{"line":2,"column":0},"end":{"line":2,"column":54}},"2":{"start":{"line":3,"column":0},"end":{"line":3,"column":47}},"3":{"start":{"line":6,"column":7},"end":{"line":18,"column":null}},"4":{"start":{"line":7,"column":33},"end":{"line":7,"column":47}},"5":{"start":{"line":11,"column":4},"end":{"line":11,"column":41}},"6":{"start":{"line":16,"column":4},"end":{"line":16,"column":50}},"7":{"start":{"line":6,"column":13},"end":{"line":6,"column":28}},"8":{"start":{"line":10,"column":8},"end":{"line":12,"column":null}},"9":{"start":{"line":15,"column":8},"end":{"line":17,"column":null}},"10":{"start":{"line":6,"column":13},"end":{"line":18,"column":null}}},"fnMap":{"0":{"name":"(anonymous_4)","decl":{"start":{"line":7,"column":4},"end":{"line":7,"column":33}},"loc":{"start":{"line":7,"column":59},"end":{"line":7,"column":63}}},"1":{"name":"(anonymous_5)","decl":{"start":{"line":10,"column":8},"end":{"line":10,"column":14}},"loc":{"start":{"line":10,"column":41},"end":{"line":12,"column":3}}},"2":{"name":"(anonymous_6)","decl":{"start":{"line":15,"column":8},"end":{"line":15,"column":18}},"loc":{"start":{"line":15,"column":44},"end":{"line":17,"column":3}}}},"branchMap":{"0":{"loc":{"start":{"line":10,"column":28},"end":{"line":10,"column":null}},"type":"cond-expr","locations":[{"start":{"line":10,"column":41},"end":{"line":10,"column":null}},{"start":{"line":10,"column":41},"end":{"line":10,"column":null}}]},"1":{"loc":{"start":{"line":10,"column":28},"end":{"line":10,"column":41}},"type":"binary-expr","locations":[{"start":{"line":10,"column":28},"end":{"line":10,"column":null}},{"start":{"line":10,"column":28},"end":{"line":10,"column":41}}]},"2":{"loc":{"start":{"line":7,"column":47},"end":{"line":7,"column":62}},"type":"cond-expr","locations":[{"start":{"line":7,"column":59},"end":{"line":7,"column":62}},{"start":{"line":7,"column":59},"end":{"line":7,"column":62}}]},"3":{"loc":{"start":{"line":7,"column":47},"end":{"line":7,"column":59}},"type":"binary-expr","locations":[{"start":{"line":7,"column":47},"end":{"line":7,"column":62}},{"start":{"line":7,"column":47},"end":{"line":7,"column":59}}]}},"s":{"0":1,"1":1,"2":1,"3":1,"4":4,"5":1,"6":2,"7":1,"8":1,"9":1,"10":1},"f":{"0":4,"1":1,"2":2},"b":{"0":[1,0],"1":[1,1],"2":[1,0],"3":[1,1]}}
,"/Users/nicolasignacio/Desktop/uno-test-full-stack/backend/src/games/games.module.ts": {"path":"/Users/nicolasignacio/Desktop/uno-test-full-stack/backend/src/games/games.module.ts","statementMap":{"0":{"start":{"line":1,"column":0},"end":{"line":1,"column":40}},"1":{"start":{"line":2,"column":0},"end":{"line":2,"column":47}},"2":{"start":{"line":3,"column":0},"end":{"line":3,"column":53}},"3":{"start":{"line":9,"column":7},"end":{"line":9,"column":null}},"4":{"start":{"line":9,"column":13},"end":{"line":9,"column":24}},"5":{"start":{"line":9,"column":13},"end":{"line":9,"column":null}}},"fnMap":{},"branchMap":{},"s":{"0":0,"1":0,"2":0,"3":0,"4":0,"5":0},"f":{},"b":{}}
,"/Users/nicolasignacio/Desktop/uno-test-full-stack/backend/src/games/games.service.ts": {"path":"/Users/nicolasignacio/Desktop/uno-test-full-stack/backend/src/games/games.service.ts","statementMap":{"0":{"start":{"line":1,"column":0},"end":{"line":1,"column":44}},"1":{"start":{"line":2,"column":0},"end":{"line":2,"column":57}},"2":{"start":{"line":6,"column":7},"end":{"line":29,"column":null}},"3":{"start":{"line":7,"column":31},"end":{"line":7,"column":39}},"4":{"start":{"line":10,"column":4},"end":{"line":17,"column":7}},"5":{"start":{"line":21,"column":4},"end":{"line":27,"column":7}},"6":{"start":{"line":6,"column":13},"end":{"line":6,"column":25}},"7":{"start":{"line":6,"column":13},"end":{"line":29,"column":null}}},"fnMap":{"0":{"name":"(anonymous_2)","decl":{"start":{"line":7,"column":2},"end":{"line":7,"column":31}},"loc":{"start":{"line":7,"column":52},"end":{"line":7,"column":56}}},"1":{"name":"(anonymous_3)","decl":{"start":{"line":9,"column":2},"end":{"line":9,"column":7}},"loc":{"start":{"line":9,"column":33},"end":{"line":18,"column":3}}},"2":{"name":"(anonymous_4)","decl":{"start":{"line":20,"column":2},"end":{"line":20,"column":7}},"loc":{"start":{"line":20,"column":35},"end":{"line":28,"column":3}}}},"branchMap":{"0":{"loc":{"start":{"line":7,"column":39},"end":{"line":7,"column":55}},"type":"cond-expr","locations":[{"start":{"line":7,"column":52},"end":{"line":7,"column":55}},{"start":{"line":7,"column":52},"end":{"line":7,"column":55}}]},"1":{"loc":{"start":{"line":7,"column":39},"end":{"line":7,"column":52}},"type":"binary-expr","locations":[{"start":{"line":7,"column":39},"end":{"line":7,"column":55}},{"start":{"line":7,"column":39},"end":{"line":7,"column":52}}]}},"s":{"0":2,"1":2,"2":2,"3":4,"4":1,"5":2,"6":2,"7":2},"f":{"0":4,"1":1,"2":2},"b":{"0":[2,0],"1":[2,2]}}
,"/Users/nicolasignacio/Desktop/uno-test-full-stack/backend/src/games/dto/create-game.dto.ts": {"path":"/Users/nicolasignacio/Desktop/uno-test-full-stack/backend/src/games/dto/create-game.dto.ts","statementMap":{"0":{"start":{"line":2,"column":0},"end":{"line":2,"column":55}},"1":{"start":{"line":4,"column":0},"end":{"line":4,"column":13}},"2":{"start":{"line":6,"column":2},"end":{"line":6,"column":null}},"3":{"start":{"line":10,"column":2},"end":{"line":10,"column":null}},"4":{"start":{"line":14,"column":2},"end":{"line":14,"column":null}},"5":{"start":{"line":18,"column":2},"end":{"line":18,"column":null}}},"fnMap":{},"branchMap":{},"s":{"0":1,"1":1,"2":1,"3":1,"4":1,"5":1},"f":{},"b":{}}
,"/Users/nicolasignacio/Desktop/uno-test-full-stack/backend/src/prisma/prisma.module.ts": {"path":"/Users/nicolasignacio/Desktop/uno-test-full-stack/backend/src/prisma/prisma.module.ts","statementMap":{"0":{"start":{"line":1,"column":0},"end":{"line":1,"column":48}},"1":{"start":{"line":2,"column":0},"end":{"line":2,"column":49}},"2":{"start":{"line":9,"column":7},"end":{"line":9,"column":null}},"3":{"start":{"line":9,"column":13},"end":{"line":9,"column":25}},"4":{"start":{"line":9,"column":13},"end":{"line":9,"column":null}}},"fnMap":{},"branchMap":{},"s":{"0":0,"1":0,"2":0,"3":0,"4":0},"f":{},"b":{}}
,"/Users/nicolasignacio/Desktop/uno-test-full-stack/backend/src/prisma/prisma.service.ts": {"path":"/Users/nicolasignacio/Desktop/uno-test-full-stack/backend/src/prisma/prisma.service.ts","statementMap":{"0":{"start":{"line":2,"column":0},"end":{"line":2,"column":58}},"1":{"start":{"line":3,"column":0},"end":{"line":3,"column":46}},"2":{"start":{"line":6,"column":7},"end":{"line":10,"column":null}},"3":{"start":{"line":8,"column":4},"end":{"line":8,"column":26}},"4":{"start":{"line":6,"column":13},"end":{"line":6,"column":26}},"5":{"start":{"line":6,"column":13},"end":{"line":10,"column":null}}},"fnMap":{"0":{"name":"(anonymous_1)","decl":{"start":{"line":7,"column":2},"end":{"line":7,"column":7}},"loc":{"start":{"line":7,"column":20},"end":{"line":9,"column":3}}}},"branchMap":{},"s":{"0":4,"1":4,"2":4,"3":0,"4":4,"5":4},"f":{"0":0},"b":{}}
,"/Users/nicolasignacio/Desktop/uno-test-full-stack/backend/src/users/users.controller.ts": {"path":"/Users/nicolasignacio/Desktop/uno-test-full-stack/backend/src/users/users.controller.ts","statementMap":{"0":{"start":{"line":2,"column":0},"end":{"line":2,"column":68}},"1":{"start":{"line":3,"column":0},"end":{"line":3,"column":47}},"2":{"start":{"line":4,"column":0},"end":{"line":4,"column":54}},"3":{"start":{"line":7,"column":7},"end":{"line":19,"column":null}},"4":{"start":{"line":8,"column":31},"end":{"line":8,"column":45}},"5":{"start":{"line":12,"column":4},"end":{"line":12,"column":47}},"6":{"start":{"line":17,"column":4},"end":{"line":17,"column":44}},"7":{"start":{"line":7,"column":13},"end":{"line":7,"column":28}},"8":{"start":{"line":11,"column":8},"end":{"line":13,"column":null}},"9":{"start":{"line":16,"column":8},"end":{"line":18,"column":null}},"10":{"start":{"line":7,"column":13},"end":{"line":19,"column":null}}},"fnMap":{"0":{"name":"(anonymous_4)","decl":{"start":{"line":8,"column":2},"end":{"line":8,"column":31}},"loc":{"start":{"line":8,"column":57},"end":{"line":8,"column":61}}},"1":{"name":"(anonymous_5)","decl":{"start":{"line":11,"column":8},"end":{"line":11,"column":20}},"loc":{"start":{"line":11,"column":47},"end":{"line":13,"column":3}}},"2":{"name":"(anonymous_6)","decl":{"start":{"line":16,"column":8},"end":{"line":16,"column":17}},"loc":{"start":{"line":16,"column":43},"end":{"line":18,"column":3}}}},"branchMap":{"0":{"loc":{"start":{"line":11,"column":34},"end":{"line":11,"column":null}},"type":"cond-expr","locations":[{"start":{"line":11,"column":47},"end":{"line":11,"column":null}},{"start":{"line":11,"column":47},"end":{"line":11,"column":null}}]},"1":{"loc":{"start":{"line":11,"column":34},"end":{"line":11,"column":47}},"type":"binary-expr","locations":[{"start":{"line":11,"column":34},"end":{"line":11,"column":null}},{"start":{"line":11,"column":34},"end":{"line":11,"column":47}}]},"2":{"loc":{"start":{"line":8,"column":45},"end":{"line":8,"column":60}},"type":"cond-expr","locations":[{"start":{"line":8,"column":57},"end":{"line":8,"column":60}},{"start":{"line":8,"column":57},"end":{"line":8,"column":60}}]},"3":{"loc":{"start":{"line":8,"column":45},"end":{"line":8,"column":57}},"type":"binary-expr","locations":[{"start":{"line":8,"column":45},"end":{"line":8,"column":60}},{"start":{"line":8,"column":45},"end":{"line":8,"column":57}}]}},"s":{"0":1,"1":1,"2":1,"3":1,"4":4,"5":2,"6":1,"7":1,"8":1,"9":1,"10":1},"f":{"0":4,"1":2,"2":1},"b":{"0":[1,0],"1":[1,1],"2":[1,0],"3":[1,1]}}
,"/Users/nicolasignacio/Desktop/uno-test-full-stack/backend/src/users/users.module.ts": {"path":"/Users/nicolasignacio/Desktop/uno-test-full-stack/backend/src/users/users.module.ts","statementMap":{"0":{"start":{"line":1,"column":0},"end":{"line":1,"column":40}},"1":{"start":{"line":2,"column":0},"end":{"line":2,"column":47}},"2":{"start":{"line":3,"column":0},"end":{"line":3,"column":53}},"3":{"start":{"line":9,"column":7},"end":{"line":9,"column":null}},"4":{"start":{"line":9,"column":13},"end":{"line":9,"column":24}},"5":{"start":{"line":9,"column":13},"end":{"line":9,"column":null}}},"fnMap":{},"branchMap":{},"s":{"0":0,"1":0,"2":0,"3":0,"4":0,"5":0},"f":{},"b":{}}
,"/Users/nicolasignacio/Desktop/uno-test-full-stack/backend/src/users/users.service.ts": {"path":"/Users/nicolasignacio/Desktop/uno-test-full-stack/backend/src/users/users.service.ts","statementMap":{"0":{"start":{"line":2,"column":0},"end":{"line":2,"column":63}},"1":{"start":{"line":3,"column":0},"end":{"line":3,"column":57}},"2":{"start":{"line":7,"column":7},"end":{"line":35,"column":null}},"3":{"start":{"line":8,"column":31},"end":{"line":8,"column":39}},"4":{"start":{"line":11,"column":21},"end":{"line":13,"column":6}},"5":{"start":{"line":15,"column":4},"end":{"line":20,"column":5}},"6":{"start":{"line":16,"column":6},"end":{"line":18,"column":7}},"7":{"start":{"line":17,"column":8},"end":{"line":17,"column":83}},"8":{"start":{"line":19,"column":6},"end":{"line":19,"column":22}},"9":{"start":{"line":22,"column":4},"end":{"line":27,"column":7}},"10":{"start":{"line":31,"column":4},"end":{"line":33,"column":7}},"11":{"start":{"line":7,"column":13},"end":{"line":7,"column":25}},"12":{"start":{"line":7,"column":13},"end":{"line":35,"column":null}}},"fnMap":{"0":{"name":"(anonymous_2)","decl":{"start":{"line":8,"column":2},"end":{"line":8,"column":31}},"loc":{"start":{"line":8,"column":52},"end":{"line":8,"column":56}}},"1":{"name":"(anonymous_3)","decl":{"start":{"line":10,"column":2},"end":{"line":10,"column":7}},"loc":{"start":{"line":10,"column":39},"end":{"line":28,"column":3}}},"2":{"name":"(anonymous_4)","decl":{"start":{"line":30,"column":2},"end":{"line":30,"column":7}},"loc":{"start":{"line":30,"column":29},"end":{"line":34,"column":3}}}},"branchMap":{"0":{"loc":{"start":{"line":15,"column":4},"end":{"line":20,"column":5}},"type":"if","locations":[{"start":{"line":15,"column":4},"end":{"line":20,"column":5}},{"start":{},"end":{}}]},"1":{"loc":{"start":{"line":16,"column":6},"end":{"line":18,"column":7}},"type":"if","locations":[{"start":{"line":16,"column":6},"end":{"line":18,"column":7}},{"start":{},"end":{}}]},"2":{"loc":{"start":{"line":8,"column":39},"end":{"line":8,"column":55}},"type":"cond-expr","locations":[{"start":{"line":8,"column":52},"end":{"line":8,"column":55}},{"start":{"line":8,"column":52},"end":{"line":8,"column":55}}]},"3":{"loc":{"start":{"line":8,"column":39},"end":{"line":8,"column":52}},"type":"binary-expr","locations":[{"start":{"line":8,"column":39},"end":{"line":8,"column":55}},{"start":{"line":8,"column":39},"end":{"line":8,"column":52}}]}},"s":{"0":2,"1":2,"2":2,"3":5,"4":3,"5":3,"6":2,"7":1,"8":1,"9":1,"10":1,"11":2,"12":2},"f":{"0":5,"1":3,"2":1},"b":{"0":[2,1],"1":[1,1],"2":[2,0],"3":[2,2]}}
,"/Users/nicolasignacio/Desktop/uno-test-full-stack/backend/src/users/dto/create-user.dto.ts": {"path":"/Users/nicolasignacio/Desktop/uno-test-full-stack/backend/src/users/dto/create-user.dto.ts","statementMap":{"0":{"start":{"line":2,"column":0},"end":{"line":2,"column":55}},"1":{"start":{"line":4,"column":0},"end":{"line":4,"column":13}},"2":{"start":{"line":7,"column":2},"end":{"line":7,"column":null}},"3":{"start":{"line":11,"column":2},"end":{"line":11,"column":null}}},"fnMap":{},"branchMap":{},"s":{"0":1,"1":1,"2":1,"3":1},"f":{},"b":{}}
}
