TN:
SF:src/app.controller.ts
FN:6,(anonymous_2)
FN:9,(anonymous_3)
FNF:2
FNH:2
FNDA:1,(anonymous_2)
FNDA:1,(anonymous_3)
DA:1,1
DA:2,1
DA:5,1
DA:6,1
DA:9,1
DA:10,1
LF:6
LH:6
BRDA:6,0,0,1
BRDA:6,0,1,0
BRDA:6,1,0,1
BRDA:6,1,1,1
BRF:4
BRH:3
end_of_record
TN:
SF:src/app.module.ts
FNF:0
FNH:0
DA:1,0
DA:2,0
DA:3,0
DA:4,0
DA:5,0
DA:6,0
DA:17,0
LF:7
LH:0
BRF:0
BRH:0
end_of_record
TN:
SF:src/app.service.ts
FN:5,(anonymous_1)
FNF:1
FNH:1
FNDA:1,(anonymous_1)
DA:1,1
DA:4,1
DA:6,1
LF:3
LH:3
BRF:0
BRH:0
end_of_record
TN:
SF:src/main.ts
FN:5,bootstrap
FNF:1
FNH:0
FNDA:0,bootstrap
DA:1,0
DA:2,0
DA:3,0
DA:6,0
DA:7,0
DA:10,0
DA:11,0
DA:12,0
DA:14,0
LF:9
LH:0
BRDA:8,0,0,0
BRDA:8,0,1,0
BRDA:12,1,0,0
BRDA:12,1,1,0
BRF:4
BRH:0
end_of_record
TN:
SF:src/deck/deck.controller.ts
FN:7,(anonymous_2)
FN:10,(anonymous_3)
FNF:2
FNH:2
FNDA:3,(anonymous_2)
FNDA:2,(anonymous_3)
DA:1,1
DA:2,1
DA:6,1
DA:7,3
DA:10,1
DA:11,2
LF:6
LH:6
BRDA:10,0,0,1
BRDA:10,0,1,0
BRDA:10,1,0,1
BRDA:10,1,1,1
BRDA:7,2,0,1
BRDA:7,2,1,0
BRDA:7,3,0,1
BRDA:7,3,1,1
BRF:8
BRH:6
end_of_record
TN:
SF:src/deck/deck.module.ts
FNF:0
FNH:0
DA:1,0
DA:2,0
DA:3,0
DA:9,0
LF:4
LH:0
BRF:0
BRH:0
end_of_record
TN:
SF:src/deck/deck.service.ts
FN:16,(anonymous_3)
FN:18,(anonymous_4)
FN:19,(anonymous_5)
FN:22,(anonymous_6)
FN:25,(anonymous_7)
FN:28,(anonymous_8)
FN:32,(anonymous_9)
FNF:7
FNH:7
FNDA:5,(anonymous_3)
FNDA:8,(anonymous_4)
FNDA:265,(anonymous_5)
FNDA:4,(anonymous_6)
FNDA:40,(anonymous_7)
FNDA:4,(anonymous_8)
FNDA:64,(anonymous_9)
DA:1,2
DA:2,2
DA:3,2
DA:15,2
DA:16,5
DA:19,265
DA:23,4
DA:24,4
DA:25,40
DA:29,4
DA:30,4
DA:31,4
DA:32,64
LF:13
LH:13
BRDA:16,0,0,2
BRDA:16,0,1,0
BRDA:16,1,0,2
BRDA:16,1,1,2
BRF:4
BRH:3
end_of_record
TN:
SF:src/games/games.controller.ts
FN:7,(anonymous_4)
FN:10,(anonymous_5)
FN:15,(anonymous_6)
FNF:3
FNH:0
FNDA:0,(anonymous_4)
FNDA:0,(anonymous_5)
FNDA:0,(anonymous_6)
DA:1,0
DA:2,0
DA:3,0
DA:6,0
DA:7,0
DA:10,0
DA:11,0
DA:15,0
DA:16,0
LF:9
LH:0
BRDA:10,0,0,0
BRDA:10,0,1,0
BRDA:10,1,0,0
BRDA:10,1,1,0
BRDA:7,2,0,0
BRDA:7,2,1,0
BRDA:7,3,0,0
BRDA:7,3,1,0
BRF:8
BRH:0
end_of_record
TN:
SF:src/games/games.module.ts
FNF:0
FNH:0
DA:1,0
DA:2,0
DA:3,0
DA:9,0
LF:4
LH:0
BRF:0
BRH:0
end_of_record
TN:
SF:src/games/games.service.ts
FN:7,(anonymous_2)
FN:9,(anonymous_3)
FN:20,(anonymous_4)
FNF:3
FNH:0
FNDA:0,(anonymous_2)
FNDA:0,(anonymous_3)
FNDA:0,(anonymous_4)
DA:1,0
DA:2,0
DA:6,0
DA:7,0
DA:10,0
DA:21,0
LF:6
LH:0
BRDA:7,0,0,0
BRDA:7,0,1,0
BRDA:7,1,0,0
BRDA:7,1,1,0
BRF:4
BRH:0
end_of_record
TN:
SF:src/games/dto/create-game.dto.ts
FNF:0
FNH:0
DA:2,0
DA:4,0
DA:6,0
DA:10,0
DA:14,0
DA:18,0
LF:6
LH:0
BRF:0
BRH:0
end_of_record
TN:
SF:src/prisma/prisma.module.ts
FNF:0
FNH:0
DA:1,0
DA:2,0
DA:9,0
LF:3
LH:0
BRF:0
BRH:0
end_of_record
TN:
SF:src/prisma/prisma.service.ts
FN:7,(anonymous_1)
FNF:1
FNH:0
FNDA:0,(anonymous_1)
DA:2,2
DA:3,2
DA:6,2
DA:8,0
LF:4
LH:3
BRF:0
BRH:0
end_of_record
TN:
SF:src/users/users.controller.ts
FN:8,(anonymous_4)
FN:11,(anonymous_5)
FN:16,(anonymous_6)
FNF:3
FNH:3
FNDA:4,(anonymous_4)
FNDA:2,(anonymous_5)
FNDA:1,(anonymous_6)
DA:2,1
DA:3,1
DA:4,1
DA:7,1
DA:8,4
DA:11,1
DA:12,2
DA:16,1
DA:17,1
LF:9
LH:9
BRDA:11,0,0,1
BRDA:11,0,1,0
BRDA:11,1,0,1
BRDA:11,1,1,1
BRDA:8,2,0,1
BRDA:8,2,1,0
BRDA:8,3,0,1
BRDA:8,3,1,1
BRF:8
BRH:6
end_of_record
TN:
SF:src/users/users.module.ts
FNF:0
FNH:0
DA:1,0
DA:2,0
DA:3,0
DA:9,0
LF:4
LH:0
BRF:0
BRH:0
end_of_record
TN:
SF:src/users/users.service.ts
FN:8,(anonymous_2)
FN:10,(anonymous_3)
FN:30,(anonymous_4)
FNF:3
FNH:3
FNDA:5,(anonymous_2)
FNDA:3,(anonymous_3)
FNDA:1,(anonymous_4)
DA:2,2
DA:3,2
DA:7,2
DA:8,5
DA:11,3
DA:15,3
DA:16,2
DA:17,1
DA:19,1
DA:22,1
DA:31,1
LF:11
LH:11
BRDA:15,0,0,2
BRDA:15,0,1,1
BRDA:16,1,0,1
BRDA:16,1,1,1
BRDA:8,2,0,2
BRDA:8,2,1,0
BRDA:8,3,0,2
BRDA:8,3,1,2
BRF:8
BRH:7
end_of_record
TN:
SF:src/users/dto/create-user.dto.ts
FNF:0
FNH:0
DA:2,1
DA:4,1
DA:7,1
DA:11,1
LF:4
LH:4
BRF:0
BRH:0
end_of_record
